#-----------------------------------------------------------
# Vivado v2024.2 (64-bit)
# SW Build 5239630 on Fri Nov 08 22:35:27 MST 2024
# IP Build 5239520 on Sun Nov 10 16:12:51 MST 2024
# SharedData Build 5239561 on Fri Nov 08 14:39:27 MST 2024
# Start of session at: Sun Dec  7 22:40:16 2025
# Process ID         : 19400
# Current directory  : D:/SoC_1/riscv_dv_picorv32/sim
# Command line       : vivado.exe -mode batch -source run_arithmetic_verbose.tcl
# Log file           : D:/SoC_1/riscv_dv_picorv32/sim/vivado.log
# Journal file       : D:/SoC_1/riscv_dv_picorv32/sim\vivado.jou
# Running On         : LAPTOP-EL8HLND8
# Platform           : Windows Server 2016 or Windows 10
# Operating System   : 22631
# Processor Detail   : Intel(R) Core(TM) i5-1035G1 CPU @ 1.00GHz
# CPU Frequency      : 1190 MHz
# CPU Physical cores : 4
# CPU Logical cores  : 8
# Host memory        : 16946 MB
# Swap memory        : 3623 MB
# Total Virtual      : 20570 MB
# Available Virtual  : 6891 MB
#-----------------------------------------------------------
source run_arithmetic_verbose.tcl
# create_project -force arith_verbose ./arith_verbose_sim -part xc7a100tcsg324-1
# set_property target_language Verilog [current_project]
# add_files -norecurse ../../picorv32/picorv32.v
# set tb_file "../tb/run_arithmetic_test.sv"
# if {[file exists $tb_file]} {
#     add_files -norecurse $tb_file
#     puts "✅ Testbench added: $tb_file"
# } else {
#     puts "❌ ERROR: Testbench not found: $tb_file"
#     exit 1
# }
✅ Testbench added: ../tb/run_arithmetic_test.sv
# set_property top run_arithmetic_test [get_filesets sources_1]
# set_property top run_arithmetic_test [get_filesets sim_1]
# update_compile_order -fileset sources_1
# puts "Starting arithmetic test simulation..."
Starting arithmetic test simulation...
# launch_simulation
Command: launch_simulation 
INFO: [Vivado 12-12493] Simulation top is 'run_arithmetic_test'
WARNING: [Vivado 12-13340] Unable to auto find GCC executables from simulator install path! (path not set)
INFO: [Vivado 12-5682] Launching behavioral simulation in 'D:/SoC_1/riscv_dv_picorv32/sim/arith_verbose_sim/arith_verbose.sim/sim_1/behav/xsim'
INFO: [SIM-utils-51] Simulation object is 'sim_1'
INFO: [SIM-utils-72] Using boost library from 'D:/Xilinx_main/Vivado/2024.2/tps/boost_1_72_0'
INFO: [SIM-utils-54] Inspecting design source files for 'run_arithmetic_test' in fileset 'sim_1'...
INFO: [USF-XSim-97] Finding global include files...
INFO: [USF-XSim-98] Fetching design files from 'sim_1'...
INFO: [USF-XSim-2] XSim::Compile design
INFO: [USF-XSim-61] Executing 'COMPILE and ANALYZE' step in 'D:/SoC_1/riscv_dv_picorv32/sim/arith_verbose_sim/arith_verbose.sim/sim_1/behav/xsim'
"xvlog --incr --relax -L uvm -prj run_arithmetic_test_vlog.prj"
INFO: [VRFC 10-2263] Analyzing Verilog file "D:/SoC_1/picorv32/picorv32.v" into library xil_defaultlib
INFO: [VRFC 10-311] analyzing module picorv32
INFO: [VRFC 10-311] analyzing module picorv32_regs
INFO: [VRFC 10-311] analyzing module picorv32_pcpi_mul
INFO: [VRFC 10-311] analyzing module picorv32_pcpi_fast_mul
INFO: [VRFC 10-311] analyzing module picorv32_pcpi_div
INFO: [VRFC 10-311] analyzing module picorv32_axi
INFO: [VRFC 10-311] analyzing module picorv32_axi_adapter
INFO: [VRFC 10-311] analyzing module picorv32_wb
INFO: [VRFC 10-2263] Analyzing SystemVerilog file "D:/SoC_1/riscv_dv_picorv32/tb/run_arithmetic_test.sv" into library xil_defaultlib
INFO: [VRFC 10-311] analyzing module run_arithmetic_test
INFO: [VRFC 10-2263] Analyzing Verilog file "D:/SoC_1/riscv_dv_picorv32/sim/arith_verbose_sim/arith_verbose.sim/sim_1/behav/xsim/glbl.v" into library xil_defaultlib
INFO: [VRFC 10-311] analyzing module glbl
INFO: [USF-XSim-69] 'compile' step finished in '2' seconds
INFO: [USF-XSim-3] XSim::Elaborate design
INFO: [USF-XSim-61] Executing 'ELABORATE' step in 'D:/SoC_1/riscv_dv_picorv32/sim/arith_verbose_sim/arith_verbose.sim/sim_1/behav/xsim'
"xelab --incr --debug typical --relax --mt 2 -L xil_defaultlib -L uvm -L unisims_ver -L unimacro_ver -L secureip --snapshot run_arithmetic_test_behav xil_defaultlib.run_arithmetic_test xil_defaultlib.glbl -log elaborate.log"
Vivado Simulator v2024.2.0
Copyright 1986-2022 Xilinx, Inc. All Rights Reserved.
Copyright 2022-2024 Advanced Micro Devices, Inc. All Rights Reserved.
Running: D:/Xilinx_main/Vivado/2024.2/bin/unwrapped/win64.o/xelab.exe --incr --debug typical --relax --mt 2 -L xil_defaultlib -L uvm -L unisims_ver -L unimacro_ver -L secureip --snapshot run_arithmetic_test_behav xil_defaultlib.run_arithmetic_test xil_defaultlib.glbl -log elaborate.log 
Using 2 slave threads.
Starting static elaboration
Pass Through NonSizing Optimizer
Completed static elaboration
Starting simulation data flow analysis
WARNING: [XSIM 43-4100] "D:/SoC_1/picorv32/picorv32.v" Line 62. Module picorv32(ENABLE_MUL=1'b1,ENABLE_DIV=1'b1) has a timescale but at least one module in design doesn't have timescale.
WARNING: [XSIM 43-4100] "D:/SoC_1/picorv32/picorv32.v" Line 2197. Module picorv32_pcpi_mul has a timescale but at least one module in design doesn't have timescale.
WARNING: [XSIM 43-4100] "D:/SoC_1/picorv32/picorv32.v" Line 2420. Module picorv32_pcpi_div has a timescale but at least one module in design doesn't have timescale.
WARNING: [XSIM 43-4100] "D:/SoC_1/picorv32/picorv32.v" Line 62. Module picorv32(ENABLE_MUL=1'b1,ENABLE_DIV=1'b1) has a timescale but at least one module in design doesn't have timescale.
WARNING: [XSIM 43-4100] "D:/SoC_1/picorv32/picorv32.v" Line 2197. Module picorv32_pcpi_mul has a timescale but at least one module in design doesn't have timescale.
WARNING: [XSIM 43-4100] "D:/SoC_1/picorv32/picorv32.v" Line 2420. Module picorv32_pcpi_div has a timescale but at least one module in design doesn't have timescale.
WARNING: [XSIM 43-4100] "D:/SoC_1/riscv_dv_picorv32/sim/arith_verbose_sim/arith_verbose.sim/sim_1/behav/xsim/glbl.v" Line 6. Module glbl has a timescale but at least one module in design doesn't have timescale.
WARNING: [XSIM 43-4100] "D:/SoC_1/riscv_dv_picorv32/sim/arith_verbose_sim/arith_verbose.sim/sim_1/behav/xsim/glbl.v" Line 6. Module glbl has a timescale but at least one module in design doesn't have timescale.
Completed simulation data flow analysis
Time Resolution for simulation is 1ps
Compiling module xil_defaultlib.picorv32_pcpi_mul
Compiling module xil_defaultlib.picorv32_pcpi_div
Compiling module xil_defaultlib.picorv32(ENABLE_MUL=1'b1,ENABLE_...
Compiling module xil_defaultlib.run_arithmetic_test
Compiling module xil_defaultlib.glbl
Built simulation snapshot run_arithmetic_test_behav
INFO: [USF-XSim-69] 'elaborate' step finished in '3' seconds
INFO: [USF-XSim-4] XSim::Simulate design
INFO: [USF-XSim-61] Executing 'SIMULATE' step in 'D:/SoC_1/riscv_dv_picorv32/sim/arith_verbose_sim/arith_verbose.sim/sim_1/behav/xsim'
INFO: [USF-XSim-98] *** Running xsim
   with args "run_arithmetic_test_behav -key {Behavioral:sim_1:Functional:run_arithmetic_test} -tclbatch {run_arithmetic_test.tcl} -log {simulate.log}"
INFO: [USF-XSim-8] Loading simulator feature
Time resolution is 1 ps
source run_arithmetic_test.tcl
## set curr_wave [current_wave_config]
## if { [string length $curr_wave] == 0 } {
##   if { [llength [get_objects]] > 0} {
##     add_wave /
##     set_property needs_save false [current_wave_config]
##   } else {
##      send_msg_id Add_Wave-1 WARNING "No top level signals found. Simulator will start without a wave window. If you want to open a wave window go to 'File->New Waveform Configuration' or type 'create_wave_config' in the TCL console."
##   }
## }
WARNING: [Wavedata 42-489] Can't add object "/run_arithmetic_test/memory" to the wave window because it has 131072 bits, which exceeds the display limit of 65536 bits.  To change the display limit, use the command "set_property display_limit <new limit> [current_wave_config]".
## run 1000ns
=========================================
Starting PicoRV32 Arithmetic Test
=========================================
[0] Applying reset...
[100000] Releasing reset...
[100000] Starting test execution...
[125000] PC=00000000, Instr=000012b7 (cnt=0)
[165000] PC=00000004, Instr=00100093 (cnt=1)
[205000] PC=00000008, Instr=00200113 (cnt=2)
[245000] PC=0000000c, Instr=00300193 (cnt=3)
[285000] PC=00000010, Instr=00400213 (cnt=4)
[325000] PC=00000014, Instr=0012a023 (cnt=5)
[365000] PC=00000018, Instr=0022a423 (cnt=6)
[435000] PC=0000001c, Instr=0032a823 (cnt=7)
[505000] PC=00000020, Instr=0042ac23 (cnt=8)
[575000] PC=00000024, Instr=002080b3 (cnt=9)
[645000] PC=00000028, Instr=40310133 (cnt=10)
[685000] PC=0000002c, Instr=00119193 (cnt=11)
[725000] PC=00000030, Instr=40125213 (cnt=12)
[775000] PC=00000034, Instr=0020e0b3 (cnt=13)
[825000] PC=00000038, Instr=00217133 (cnt=14)
[865000] PC=0000003c, Instr=0012a023 (cnt=15)
[905000] PC=00000040, Instr=0022a423 (cnt=16)
[975000] PC=00000044, Instr=0032a823 (cnt=17)
INFO: [USF-XSim-96] XSim completed. Design snapshot 'run_arithmetic_test_behav' loaded.
INFO: [USF-XSim-97] XSim simulation ran for 1000ns
launch_simulation: Time (s): cpu = 00:00:00 ; elapsed = 00:00:08 . Memory (MB): peak = 385.809 ; gain = 19.766
# run 300us
[1045000] PC=00000048, Instr=0042ac23 (cnt=18)
[1115000] PC=0000004c, Instr=0002a083 (cnt=19)
[1185000] PC=00000050, Instr=0082a103 (cnt=20)
[1255000] PC=00000054, Instr=0102a183 (cnt=21)
[1325000] PC=00000058, Instr=0182a203 (cnt=22)
[1395000] PC=0000005c, Instr=fff00313 (cnt=23)
[1465000] PC=00000060, Instr=00600393 (cnt=24)
[1505000] PC=00000064, Instr=00200413 (cnt=25)
[1545000] PC=00000068, Instr=00000493 (cnt=26)
[1585000] PC=0000006c, Instr=40608463 (cnt=27)
[1625000] PC=00000070, Instr=00100493 (cnt=28)
[1655000] PC=00000474, Instr=00000013 (cnt=29)
[1695000] PC=00000478, Instr=00000013 (cnt=30)
[1735000] PC=0000047c, Instr=00000013 (cnt=31)
[1775000] PC=00000480, Instr=00000013 (cnt=32)
[1815000] PC=00000484, Instr=00000013 (cnt=33)
[1855000] PC=00000488, Instr=00000013 (cnt=34)
[1895000] PC=0000048c, Instr=00000013 (cnt=35)
[1935000] PC=00000490, Instr=00000013 (cnt=36)
[1975000] PC=00000494, Instr=00000013 (cnt=37)
[2015000] PC=00000498, Instr=00000013 (cnt=38)
[2055000] PC=0000049c, Instr=00000013 (cnt=39)
[2095000] PC=000004a0, Instr=00000013 (cnt=40)
[2135000] PC=000004a4, Instr=00000013 (cnt=41)
[2175000] PC=000004a8, Instr=00000013 (cnt=42)
[2215000] PC=000004ac, Instr=00000013 (cnt=43)
[2255000] PC=000004b0, Instr=00000013 (cnt=44)
[2295000] PC=000004b4, Instr=00000013 (cnt=45)
[2335000] PC=000004b8, Instr=00000013 (cnt=46)
[2375000] PC=000004bc, Instr=00000013 (cnt=47)
[2415000] PC=000004c0, Instr=00000013 (cnt=48)
[2455000] PC=000004c4, Instr=00000013 (cnt=49)
[2495000] PC=000004c8, Instr=00000013 (cnt=50)
[2535000] PC=000004cc, Instr=00000013 (cnt=51)
[2575000] PC=000004d0, Instr=00000013 (cnt=52)
[2615000] PC=000004d4, Instr=00000013 (cnt=53)
[2655000] PC=000004d8, Instr=00000013 (cnt=54)
[2695000] PC=000004dc, Instr=00000013 (cnt=55)
[2735000] PC=000004e0, Instr=00000013 (cnt=56)
[2775000] PC=000004e4, Instr=00000013 (cnt=57)
[2815000] PC=000004e8, Instr=00000013 (cnt=58)
[2855000] PC=000004ec, Instr=00000013 (cnt=59)
[2895000] PC=000004f0, Instr=00000013 (cnt=60)
[2935000] PC=000004f4, Instr=00000013 (cnt=61)
[2975000] PC=000004f8, Instr=00000013 (cnt=62)
[3015000] PC=000004fc, Instr=00000013 (cnt=63)
[3055000] PC=00000500, Instr=00000013 (cnt=64)
[3095000] PC=00000504, Instr=00000013 (cnt=65)
[3135000] PC=00000508, Instr=00000013 (cnt=66)
[3175000] PC=0000050c, Instr=00000013 (cnt=67)
[3215000] PC=00000510, Instr=00000013 (cnt=68)
[3255000] PC=00000514, Instr=00000013 (cnt=69)
[3295000] PC=00000518, Instr=00000013 (cnt=70)
[3335000] PC=0000051c, Instr=00000013 (cnt=71)
[3375000] PC=00000520, Instr=00000013 (cnt=72)
[3415000] PC=00000524, Instr=00000013 (cnt=73)
[3455000] PC=00000528, Instr=00000013 (cnt=74)
[3495000] PC=0000052c, Instr=00000013 (cnt=75)
[3535000] PC=00000530, Instr=00000013 (cnt=76)
[3575000] PC=00000534, Instr=00000013 (cnt=77)
[3615000] PC=00000538, Instr=00000013 (cnt=78)
[3655000] PC=0000053c, Instr=00000013 (cnt=79)
[3695000] PC=00000540, Instr=00000013 (cnt=80)
[3735000] PC=00000544, Instr=00000013 (cnt=81)
[3775000] PC=00000548, Instr=00000013 (cnt=82)
[3815000] PC=0000054c, Instr=00000013 (cnt=83)
[3855000] PC=00000550, Instr=00000013 (cnt=84)
[3895000] PC=00000554, Instr=00000013 (cnt=85)
[3935000] PC=00000558, Instr=00000013 (cnt=86)
[3975000] PC=0000055c, Instr=00000013 (cnt=87)
[4015000] PC=00000560, Instr=00000013 (cnt=88)
[4055000] PC=00000564, Instr=00000013 (cnt=89)
[4095000] PC=00000568, Instr=00000013 (cnt=90)
[4135000] PC=0000056c, Instr=00000013 (cnt=91)
[4175000] PC=00000570, Instr=00000013 (cnt=92)
[4215000] PC=00000574, Instr=00000013 (cnt=93)
[4255000] PC=00000578, Instr=00000013 (cnt=94)
[4295000] PC=0000057c, Instr=00000013 (cnt=95)
[4335000] PC=00000580, Instr=00000013 (cnt=96)
[4375000] PC=00000584, Instr=00000013 (cnt=97)
[4415000] PC=00000588, Instr=00000013 (cnt=98)
[4455000] PC=0000058c, Instr=00000013 (cnt=99)
[4495000] PC=00000590, Instr=00000013 (cnt=100)
[4535000] PC=00000594, Instr=00000013 (cnt=101)
[4575000] PC=00000598, Instr=00000013 (cnt=102)
[4615000] PC=0000059c, Instr=00000013 (cnt=103)
[4655000] PC=000005a0, Instr=00000013 (cnt=104)
[4695000] PC=000005a4, Instr=00000013 (cnt=105)
[4735000] PC=000005a8, Instr=00000013 (cnt=106)
[4775000] PC=000005ac, Instr=00000013 (cnt=107)
[4815000] PC=000005b0, Instr=00000013 (cnt=108)
[4855000] PC=000005b4, Instr=00000013 (cnt=109)
[4895000] PC=000005b8, Instr=00000013 (cnt=110)
[4935000] PC=000005bc, Instr=00000013 (cnt=111)
[4975000] PC=000005c0, Instr=00000013 (cnt=112)
[5015000] PC=000005c4, Instr=00000013 (cnt=113)
[5055000] PC=000005c8, Instr=00000013 (cnt=114)
[5095000] PC=000005cc, Instr=00000013 (cnt=115)
[5135000] PC=000005d0, Instr=00000013 (cnt=116)
[5175000] PC=000005d4, Instr=00000013 (cnt=117)
[5215000] PC=000005d8, Instr=00000013 (cnt=118)
[5255000] PC=000005dc, Instr=00000013 (cnt=119)
[5295000] PC=000005e0, Instr=00000013 (cnt=120)
[5335000] PC=000005e4, Instr=00000013 (cnt=121)
[5375000] PC=000005e8, Instr=00000013 (cnt=122)
[5415000] PC=000005ec, Instr=00000013 (cnt=123)
[5455000] PC=000005f0, Instr=00000013 (cnt=124)
[5495000] PC=000005f4, Instr=00000013 (cnt=125)
[5535000] PC=000005f8, Instr=00000013 (cnt=126)
[5575000] PC=000005fc, Instr=00000013 (cnt=127)
[5615000] PC=00000600, Instr=00000013 (cnt=128)
[5655000] PC=00000604, Instr=00000013 (cnt=129)
[5695000] PC=00000608, Instr=00000013 (cnt=130)
[5735000] PC=0000060c, Instr=00000013 (cnt=131)
[5775000] PC=00000610, Instr=00000013 (cnt=132)
[5815000] PC=00000614, Instr=00000013 (cnt=133)
[5855000] PC=00000618, Instr=00000013 (cnt=134)
[5895000] PC=0000061c, Instr=00000013 (cnt=135)
[5935000] PC=00000620, Instr=00000013 (cnt=136)
[5975000] PC=00000624, Instr=00000013 (cnt=137)
[6015000] PC=00000628, Instr=00000013 (cnt=138)
[6055000] PC=0000062c, Instr=00000013 (cnt=139)
[6095000] PC=00000630, Instr=00000013 (cnt=140)
[6135000] PC=00000634, Instr=00000013 (cnt=141)
[6175000] PC=00000638, Instr=00000013 (cnt=142)
[6215000] PC=0000063c, Instr=00000013 (cnt=143)
[6255000] PC=00000640, Instr=00000013 (cnt=144)
[6295000] PC=00000644, Instr=00000013 (cnt=145)
[6335000] PC=00000648, Instr=00000013 (cnt=146)
[6375000] PC=0000064c, Instr=00000013 (cnt=147)
[6415000] PC=00000650, Instr=00000013 (cnt=148)
[6455000] PC=00000654, Instr=00000013 (cnt=149)
[6495000] PC=00000658, Instr=00000013 (cnt=150)
[6535000] PC=0000065c, Instr=00000013 (cnt=151)
[6575000] PC=00000660, Instr=00000013 (cnt=152)
[6615000] PC=00000664, Instr=00000013 (cnt=153)
[6655000] PC=00000668, Instr=00000013 (cnt=154)
[6695000] PC=0000066c, Instr=00000013 (cnt=155)
[6735000] PC=00000670, Instr=00000013 (cnt=156)
[6775000] PC=00000674, Instr=00000013 (cnt=157)
[6815000] PC=00000678, Instr=00000013 (cnt=158)
[6855000] PC=0000067c, Instr=00000013 (cnt=159)
[6895000] PC=00000680, Instr=00000013 (cnt=160)
[6935000] PC=00000684, Instr=00000013 (cnt=161)
[6975000] PC=00000688, Instr=00000013 (cnt=162)
[7015000] PC=0000068c, Instr=00000013 (cnt=163)
[7055000] PC=00000690, Instr=00000013 (cnt=164)
[7095000] PC=00000694, Instr=00000013 (cnt=165)
[7135000] PC=00000698, Instr=00000013 (cnt=166)
[7175000] PC=0000069c, Instr=00000013 (cnt=167)
[7215000] PC=000006a0, Instr=00000013 (cnt=168)
[7255000] PC=000006a4, Instr=00000013 (cnt=169)
[7295000] PC=000006a8, Instr=00000013 (cnt=170)
[7335000] PC=000006ac, Instr=00000013 (cnt=171)
[7375000] PC=000006b0, Instr=00000013 (cnt=172)
[7415000] PC=000006b4, Instr=00000013 (cnt=173)
[7455000] PC=000006b8, Instr=00000013 (cnt=174)
[7495000] PC=000006bc, Instr=00000013 (cnt=175)
[7535000] PC=000006c0, Instr=00000013 (cnt=176)
[7575000] PC=000006c4, Instr=00000013 (cnt=177)
[7615000] PC=000006c8, Instr=00000013 (cnt=178)
[7655000] PC=000006cc, Instr=00000013 (cnt=179)
[7695000] PC=000006d0, Instr=00000013 (cnt=180)
[7735000] PC=000006d4, Instr=00000013 (cnt=181)
[7775000] PC=000006d8, Instr=00000013 (cnt=182)
[7815000] PC=000006dc, Instr=00000013 (cnt=183)
[7855000] PC=000006e0, Instr=00000013 (cnt=184)
[7895000] PC=000006e4, Instr=00000013 (cnt=185)
[7935000] PC=000006e8, Instr=00000013 (cnt=186)
[7975000] PC=000006ec, Instr=00000013 (cnt=187)
[8015000] PC=000006f0, Instr=00000013 (cnt=188)
[8055000] PC=000006f4, Instr=00000013 (cnt=189)
[8095000] PC=000006f8, Instr=00000013 (cnt=190)
[8135000] PC=000006fc, Instr=00000013 (cnt=191)
[8175000] PC=00000700, Instr=00000013 (cnt=192)
[8215000] PC=00000704, Instr=00000013 (cnt=193)
[8255000] PC=00000708, Instr=00000013 (cnt=194)
[8295000] PC=0000070c, Instr=00000013 (cnt=195)
[8335000] PC=00000710, Instr=00000013 (cnt=196)
[8375000] PC=00000714, Instr=00000013 (cnt=197)
[8415000] PC=00000718, Instr=00000013 (cnt=198)
[8455000] PC=0000071c, Instr=00000013 (cnt=199)
[8495000] PC=00000720, Instr=00000013 (cnt=200)
[8535000] PC=00000724, Instr=00000013 (cnt=201)
[8575000] PC=00000728, Instr=00000013 (cnt=202)
[8615000] PC=0000072c, Instr=00000013 (cnt=203)
[8655000] PC=00000730, Instr=00000013 (cnt=204)
[8695000] PC=00000734, Instr=00000013 (cnt=205)
[8735000] PC=00000738, Instr=00000013 (cnt=206)
[8775000] PC=0000073c, Instr=00000013 (cnt=207)
[8815000] PC=00000740, Instr=00000013 (cnt=208)
[8855000] PC=00000744, Instr=00000013 (cnt=209)
[8895000] PC=00000748, Instr=00000013 (cnt=210)
[8935000] PC=0000074c, Instr=00000013 (cnt=211)
[8975000] PC=00000750, Instr=00000013 (cnt=212)
[9015000] PC=00000754, Instr=00000013 (cnt=213)
[9055000] PC=00000758, Instr=00000013 (cnt=214)
[9095000] PC=0000075c, Instr=00000013 (cnt=215)
[9135000] PC=00000760, Instr=00000013 (cnt=216)
[9175000] PC=00000764, Instr=00000013 (cnt=217)
[9215000] PC=00000768, Instr=00000013 (cnt=218)
[9255000] PC=0000076c, Instr=00000013 (cnt=219)
[9295000] PC=00000770, Instr=00000013 (cnt=220)
[9335000] PC=00000774, Instr=00000013 (cnt=221)
[9375000] PC=00000778, Instr=00000013 (cnt=222)
[9415000] PC=0000077c, Instr=00000013 (cnt=223)
[9455000] PC=00000780, Instr=00000013 (cnt=224)
[9495000] PC=00000784, Instr=00000013 (cnt=225)
[9535000] PC=00000788, Instr=00000013 (cnt=226)
[9575000] PC=0000078c, Instr=00000013 (cnt=227)
[9615000] PC=00000790, Instr=00000013 (cnt=228)
[9655000] PC=00000794, Instr=00000013 (cnt=229)
[9695000] PC=00000798, Instr=00000013 (cnt=230)
[9735000] PC=0000079c, Instr=00000013 (cnt=231)
[9775000] PC=000007a0, Instr=00000013 (cnt=232)
[9815000] PC=000007a4, Instr=00000013 (cnt=233)
[9855000] PC=000007a8, Instr=00000013 (cnt=234)
[9895000] PC=000007ac, Instr=00000013 (cnt=235)
[9935000] PC=000007b0, Instr=00000013 (cnt=236)
[9975000] PC=000007b4, Instr=00000013 (cnt=237)
[10015000] PC=000007b8, Instr=00000013 (cnt=238)
[10055000] PC=000007bc, Instr=00000013 (cnt=239)
[10095000] PC=000007c0, Instr=00000013 (cnt=240)
[10135000] PC=000007c4, Instr=00000013 (cnt=241)
[10175000] PC=000007c8, Instr=00000013 (cnt=242)
[10215000] PC=000007cc, Instr=00000013 (cnt=243)
[10255000] PC=000007d0, Instr=00000013 (cnt=244)
[10295000] PC=000007d4, Instr=00000013 (cnt=245)
[10335000] PC=000007d8, Instr=00000013 (cnt=246)
[10375000] PC=000007dc, Instr=00000013 (cnt=247)
[10415000] PC=000007e0, Instr=00000013 (cnt=248)
[10455000] PC=000007e4, Instr=00000013 (cnt=249)
[10495000] PC=000007e8, Instr=00000013 (cnt=250)
[10535000] PC=000007ec, Instr=00000013 (cnt=251)
[10575000] PC=000007f0, Instr=00000013 (cnt=252)
[10615000] PC=000007f4, Instr=00000013 (cnt=253)
[10655000] PC=000007f8, Instr=00000013 (cnt=254)
[10695000] PC=000007fc, Instr=00000013 (cnt=255)
[10735000] PC=00000800, Instr=00000013 (cnt=256)
[10775000] PC=00000804, Instr=00000013 (cnt=257)
[10815000] PC=00000808, Instr=00000013 (cnt=258)
[10855000] PC=0000080c, Instr=00000013 (cnt=259)
[10895000] PC=00000810, Instr=00000013 (cnt=260)
[10935000] PC=00000814, Instr=00000013 (cnt=261)
[10975000] PC=00000818, Instr=00000013 (cnt=262)
[11015000] PC=0000081c, Instr=00000013 (cnt=263)
[11055000] PC=00000820, Instr=00000013 (cnt=264)
[11095000] PC=00000824, Instr=00000013 (cnt=265)
[11135000] PC=00000828, Instr=00000013 (cnt=266)
[11175000] PC=0000082c, Instr=00000013 (cnt=267)
[11215000] PC=00000830, Instr=00000013 (cnt=268)
[11255000] PC=00000834, Instr=00000013 (cnt=269)
[11295000] PC=00000838, Instr=00000013 (cnt=270)
[11335000] PC=0000083c, Instr=00000013 (cnt=271)
[11375000] PC=00000840, Instr=00000013 (cnt=272)
[11415000] PC=00000844, Instr=00000013 (cnt=273)
[11455000] PC=00000848, Instr=00000013 (cnt=274)
[11495000] PC=0000084c, Instr=00000013 (cnt=275)
[11535000] PC=00000850, Instr=00000013 (cnt=276)
[11575000] PC=00000854, Instr=00000013 (cnt=277)
[11615000] PC=00000858, Instr=00000013 (cnt=278)
[11655000] PC=0000085c, Instr=00000013 (cnt=279)
[11695000] PC=00000860, Instr=00000013 (cnt=280)
[11735000] PC=00000864, Instr=00000013 (cnt=281)
[11775000] PC=00000868, Instr=00000013 (cnt=282)
[11815000] PC=0000086c, Instr=00000013 (cnt=283)
[11855000] PC=00000870, Instr=00000013 (cnt=284)
[11895000] PC=00000874, Instr=00000013 (cnt=285)
[11935000] PC=00000878, Instr=00000013 (cnt=286)
[11975000] PC=0000087c, Instr=00000013 (cnt=287)
[12015000] PC=00000880, Instr=00000013 (cnt=288)
[12055000] PC=00000884, Instr=00000013 (cnt=289)
[12095000] PC=00000888, Instr=00000013 (cnt=290)
[12135000] PC=0000088c, Instr=00000013 (cnt=291)
[12175000] PC=00000890, Instr=00000013 (cnt=292)
[12215000] PC=00000894, Instr=00000013 (cnt=293)
[12255000] PC=00000898, Instr=00000013 (cnt=294)
[12295000] PC=0000089c, Instr=00000013 (cnt=295)
[12335000] PC=000008a0, Instr=00000013 (cnt=296)
[12375000] PC=000008a4, Instr=00000013 (cnt=297)
[12415000] PC=000008a8, Instr=00000013 (cnt=298)
[12455000] PC=000008ac, Instr=00000013 (cnt=299)
[12495000] PC=000008b0, Instr=00000013 (cnt=300)
[12535000] PC=000008b4, Instr=00000013 (cnt=301)
[12575000] PC=000008b8, Instr=00000013 (cnt=302)
[12615000] PC=000008bc, Instr=00000013 (cnt=303)
[12655000] PC=000008c0, Instr=00000013 (cnt=304)
[12695000] PC=000008c4, Instr=00000013 (cnt=305)
[12735000] PC=000008c8, Instr=00000013 (cnt=306)
[12775000] PC=000008cc, Instr=00000013 (cnt=307)
[12815000] PC=000008d0, Instr=00000013 (cnt=308)
[12855000] PC=000008d4, Instr=00000013 (cnt=309)
[12895000] PC=000008d8, Instr=00000013 (cnt=310)
[12935000] PC=000008dc, Instr=00000013 (cnt=311)
[12975000] PC=000008e0, Instr=00000013 (cnt=312)
[13015000] PC=000008e4, Instr=00000013 (cnt=313)
[13055000] PC=000008e8, Instr=00000013 (cnt=314)
[13095000] PC=000008ec, Instr=00000013 (cnt=315)
[13135000] PC=000008f0, Instr=00000013 (cnt=316)
[13175000] PC=000008f4, Instr=00000013 (cnt=317)
[13215000] PC=000008f8, Instr=00000013 (cnt=318)
[13255000] PC=000008fc, Instr=00000013 (cnt=319)
[13295000] PC=00000900, Instr=00000013 (cnt=320)
[13335000] PC=00000904, Instr=00000013 (cnt=321)
[13375000] PC=00000908, Instr=00000013 (cnt=322)
[13415000] PC=0000090c, Instr=00000013 (cnt=323)
[13455000] PC=00000910, Instr=00000013 (cnt=324)
[13495000] PC=00000914, Instr=00000013 (cnt=325)
[13535000] PC=00000918, Instr=00000013 (cnt=326)
[13575000] PC=0000091c, Instr=00000013 (cnt=327)
[13615000] PC=00000920, Instr=00000013 (cnt=328)
[13655000] PC=00000924, Instr=00000013 (cnt=329)
[13695000] PC=00000928, Instr=00000013 (cnt=330)
[13735000] PC=0000092c, Instr=00000013 (cnt=331)
[13775000] PC=00000930, Instr=00000013 (cnt=332)
[13815000] PC=00000934, Instr=00000013 (cnt=333)
[13855000] PC=00000938, Instr=00000013 (cnt=334)
[13895000] PC=0000093c, Instr=00000013 (cnt=335)
[13935000] PC=00000940, Instr=00000013 (cnt=336)
[13975000] PC=00000944, Instr=00000013 (cnt=337)
[14015000] PC=00000948, Instr=00000013 (cnt=338)
[14055000] PC=0000094c, Instr=00000013 (cnt=339)
[14095000] PC=00000950, Instr=00000013 (cnt=340)
[14135000] PC=00000954, Instr=00000013 (cnt=341)
[14175000] PC=00000958, Instr=00000013 (cnt=342)
[14215000] PC=0000095c, Instr=00000013 (cnt=343)
[14255000] PC=00000960, Instr=00000013 (cnt=344)
[14295000] PC=00000964, Instr=00000013 (cnt=345)
[14335000] PC=00000968, Instr=00000013 (cnt=346)
[14375000] PC=0000096c, Instr=00000013 (cnt=347)
[14415000] PC=00000970, Instr=00000013 (cnt=348)
[14455000] PC=00000974, Instr=00000013 (cnt=349)
[14495000] PC=00000978, Instr=00000013 (cnt=350)
[14535000] PC=0000097c, Instr=00000013 (cnt=351)
[14575000] PC=00000980, Instr=00000013 (cnt=352)
[14615000] PC=00000984, Instr=00000013 (cnt=353)
[14655000] PC=00000988, Instr=00000013 (cnt=354)
[14695000] PC=0000098c, Instr=00000013 (cnt=355)
[14735000] PC=00000990, Instr=00000013 (cnt=356)
[14775000] PC=00000994, Instr=00000013 (cnt=357)
[14815000] PC=00000998, Instr=00000013 (cnt=358)
[14855000] PC=0000099c, Instr=00000013 (cnt=359)
[14895000] PC=000009a0, Instr=00000013 (cnt=360)
[14935000] PC=000009a4, Instr=00000013 (cnt=361)
[14975000] PC=000009a8, Instr=00000013 (cnt=362)
[15015000] PC=000009ac, Instr=00000013 (cnt=363)
[15055000] PC=000009b0, Instr=00000013 (cnt=364)
[15095000] PC=000009b4, Instr=00000013 (cnt=365)
[15135000] PC=000009b8, Instr=00000013 (cnt=366)
[15175000] PC=000009bc, Instr=00000013 (cnt=367)
[15215000] PC=000009c0, Instr=00000013 (cnt=368)
[15255000] PC=000009c4, Instr=00000013 (cnt=369)
[15295000] PC=000009c8, Instr=00000013 (cnt=370)
[15335000] PC=000009cc, Instr=00000013 (cnt=371)
[15375000] PC=000009d0, Instr=00000013 (cnt=372)
[15415000] PC=000009d4, Instr=00000013 (cnt=373)
[15455000] PC=000009d8, Instr=00000013 (cnt=374)
[15495000] PC=000009dc, Instr=00000013 (cnt=375)
[15535000] PC=000009e0, Instr=00000013 (cnt=376)
[15575000] PC=000009e4, Instr=00000013 (cnt=377)
[15615000] PC=000009e8, Instr=00000013 (cnt=378)
[15655000] PC=000009ec, Instr=00000013 (cnt=379)
[15695000] PC=000009f0, Instr=00000013 (cnt=380)
[15735000] PC=000009f4, Instr=00000013 (cnt=381)
[15775000] PC=000009f8, Instr=00000013 (cnt=382)
[15815000] PC=000009fc, Instr=00000013 (cnt=383)
[15855000] PC=00000a00, Instr=00000013 (cnt=384)
[15895000] PC=00000a04, Instr=00000013 (cnt=385)
[15935000] PC=00000a08, Instr=00000013 (cnt=386)
[15975000] PC=00000a0c, Instr=00000013 (cnt=387)
[16015000] PC=00000a10, Instr=00000013 (cnt=388)
[16055000] PC=00000a14, Instr=00000013 (cnt=389)
[16095000] PC=00000a18, Instr=00000013 (cnt=390)
[16135000] PC=00000a1c, Instr=00000013 (cnt=391)
[16175000] PC=00000a20, Instr=00000013 (cnt=392)
[16215000] PC=00000a24, Instr=00000013 (cnt=393)
[16255000] PC=00000a28, Instr=00000013 (cnt=394)
[16295000] PC=00000a2c, Instr=00000013 (cnt=395)
[16335000] PC=00000a30, Instr=00000013 (cnt=396)
[16375000] PC=00000a34, Instr=00000013 (cnt=397)
[16415000] PC=00000a38, Instr=00000013 (cnt=398)
[16455000] PC=00000a3c, Instr=00000013 (cnt=399)
[16495000] PC=00000a40, Instr=00000013 (cnt=400)
[16535000] PC=00000a44, Instr=00000013 (cnt=401)
[16575000] PC=00000a48, Instr=00000013 (cnt=402)
[16615000] PC=00000a4c, Instr=00000013 (cnt=403)
[16655000] PC=00000a50, Instr=00000013 (cnt=404)
[16695000] PC=00000a54, Instr=00000013 (cnt=405)
[16735000] PC=00000a58, Instr=00000013 (cnt=406)
[16775000] PC=00000a5c, Instr=00000013 (cnt=407)
[16815000] PC=00000a60, Instr=00000013 (cnt=408)
[16855000] PC=00000a64, Instr=00000013 (cnt=409)
[16895000] PC=00000a68, Instr=00000013 (cnt=410)
[16935000] PC=00000a6c, Instr=00000013 (cnt=411)
[16975000] PC=00000a70, Instr=00000013 (cnt=412)
[17015000] PC=00000a74, Instr=00000013 (cnt=413)
[17055000] PC=00000a78, Instr=00000013 (cnt=414)
[17095000] PC=00000a7c, Instr=00000013 (cnt=415)
[17135000] PC=00000a80, Instr=00000013 (cnt=416)
[17175000] PC=00000a84, Instr=00000013 (cnt=417)
[17215000] PC=00000a88, Instr=00000013 (cnt=418)
[17255000] PC=00000a8c, Instr=00000013 (cnt=419)
[17295000] PC=00000a90, Instr=00000013 (cnt=420)
[17335000] PC=00000a94, Instr=00000013 (cnt=421)
[17375000] PC=00000a98, Instr=00000013 (cnt=422)
[17415000] PC=00000a9c, Instr=00000013 (cnt=423)
[17455000] PC=00000aa0, Instr=00000013 (cnt=424)
[17495000] PC=00000aa4, Instr=00000013 (cnt=425)
[17535000] PC=00000aa8, Instr=00000013 (cnt=426)
[17575000] PC=00000aac, Instr=00000013 (cnt=427)
[17615000] PC=00000ab0, Instr=00000013 (cnt=428)
[17655000] PC=00000ab4, Instr=00000013 (cnt=429)
[17695000] PC=00000ab8, Instr=00000013 (cnt=430)
[17735000] PC=00000abc, Instr=00000013 (cnt=431)
[17775000] PC=00000ac0, Instr=00000013 (cnt=432)
[17815000] PC=00000ac4, Instr=00000013 (cnt=433)
[17855000] PC=00000ac8, Instr=00000013 (cnt=434)
[17895000] PC=00000acc, Instr=00000013 (cnt=435)
[17935000] PC=00000ad0, Instr=00000013 (cnt=436)
[17975000] PC=00000ad4, Instr=00000013 (cnt=437)
[18015000] PC=00000ad8, Instr=00000013 (cnt=438)
[18055000] PC=00000adc, Instr=00000013 (cnt=439)
[18095000] PC=00000ae0, Instr=00000013 (cnt=440)
[18135000] PC=00000ae4, Instr=00000013 (cnt=441)
[18175000] PC=00000ae8, Instr=00000013 (cnt=442)
[18215000] PC=00000aec, Instr=00000013 (cnt=443)
[18255000] PC=00000af0, Instr=00000013 (cnt=444)
[18295000] PC=00000af4, Instr=00000013 (cnt=445)
[18335000] PC=00000af8, Instr=00000013 (cnt=446)
[18375000] PC=00000afc, Instr=00000013 (cnt=447)
[18415000] PC=00000b00, Instr=00000013 (cnt=448)
[18455000] PC=00000b04, Instr=00000013 (cnt=449)
[18495000] PC=00000b08, Instr=00000013 (cnt=450)
[18535000] PC=00000b0c, Instr=00000013 (cnt=451)
[18575000] PC=00000b10, Instr=00000013 (cnt=452)
[18615000] PC=00000b14, Instr=00000013 (cnt=453)
[18655000] PC=00000b18, Instr=00000013 (cnt=454)
[18695000] PC=00000b1c, Instr=00000013 (cnt=455)
[18735000] PC=00000b20, Instr=00000013 (cnt=456)
[18775000] PC=00000b24, Instr=00000013 (cnt=457)
[18815000] PC=00000b28, Instr=00000013 (cnt=458)
[18855000] PC=00000b2c, Instr=00000013 (cnt=459)
[18895000] PC=00000b30, Instr=00000013 (cnt=460)
[18935000] PC=00000b34, Instr=00000013 (cnt=461)
[18975000] PC=00000b38, Instr=00000013 (cnt=462)
[19015000] PC=00000b3c, Instr=00000013 (cnt=463)
[19055000] PC=00000b40, Instr=00000013 (cnt=464)
[19095000] PC=00000b44, Instr=00000013 (cnt=465)
[19135000] PC=00000b48, Instr=00000013 (cnt=466)
[19175000] PC=00000b4c, Instr=00000013 (cnt=467)
[19215000] PC=00000b50, Instr=00000013 (cnt=468)
[19255000] PC=00000b54, Instr=00000013 (cnt=469)
[19295000] PC=00000b58, Instr=00000013 (cnt=470)
[19335000] PC=00000b5c, Instr=00000013 (cnt=471)
[19375000] PC=00000b60, Instr=00000013 (cnt=472)
[19415000] PC=00000b64, Instr=00000013 (cnt=473)
[19455000] PC=00000b68, Instr=00000013 (cnt=474)
[19495000] PC=00000b6c, Instr=00000013 (cnt=475)
[19535000] PC=00000b70, Instr=00000013 (cnt=476)
[19575000] PC=00000b74, Instr=00000013 (cnt=477)
[19615000] PC=00000b78, Instr=00000013 (cnt=478)
[19655000] PC=00000b7c, Instr=00000013 (cnt=479)
[19695000] PC=00000b80, Instr=00000013 (cnt=480)
[19735000] PC=00000b84, Instr=00000013 (cnt=481)
[19775000] PC=00000b88, Instr=00000013 (cnt=482)
[19815000] PC=00000b8c, Instr=00000013 (cnt=483)
[19855000] PC=00000b90, Instr=00000013 (cnt=484)
[19895000] PC=00000b94, Instr=00000013 (cnt=485)
[19935000] PC=00000b98, Instr=00000013 (cnt=486)
[19975000] PC=00000b9c, Instr=00000013 (cnt=487)
[20015000] PC=00000ba0, Instr=00000013 (cnt=488)
[20055000] PC=00000ba4, Instr=00000013 (cnt=489)
[20095000] PC=00000ba8, Instr=00000013 (cnt=490)
[20135000] PC=00000bac, Instr=00000013 (cnt=491)
[20175000] PC=00000bb0, Instr=00000013 (cnt=492)
[20215000] PC=00000bb4, Instr=00000013 (cnt=493)
[20255000] PC=00000bb8, Instr=00000013 (cnt=494)
[20295000] PC=00000bbc, Instr=00000013 (cnt=495)
[20335000] PC=00000bc0, Instr=00000013 (cnt=496)
[20375000] PC=00000bc4, Instr=00000013 (cnt=497)
[20415000] PC=00000bc8, Instr=00000013 (cnt=498)
[20455000] PC=00000bcc, Instr=00000013 (cnt=499)
[20495000] PC=00000bd0, Instr=00000013 (cnt=500)
[20535000] PC=00000bd4, Instr=00000013 (cnt=501)
[20575000] PC=00000bd8, Instr=00000013 (cnt=502)
[20615000] PC=00000bdc, Instr=00000013 (cnt=503)
[20655000] PC=00000be0, Instr=00000013 (cnt=504)
[20695000] PC=00000be4, Instr=00000013 (cnt=505)
[20735000] PC=00000be8, Instr=00000013 (cnt=506)
[20775000] PC=00000bec, Instr=00000013 (cnt=507)
[20815000] PC=00000bf0, Instr=00000013 (cnt=508)
[20855000] PC=00000bf4, Instr=00000013 (cnt=509)
[20895000] PC=00000bf8, Instr=00000013 (cnt=510)
[20935000] PC=00000bfc, Instr=00000013 (cnt=511)
[20975000] PC=00000c00, Instr=00000013 (cnt=512)
[21015000] PC=00000c04, Instr=00000013 (cnt=513)
[21055000] PC=00000c08, Instr=00000013 (cnt=514)
[21095000] PC=00000c0c, Instr=00000013 (cnt=515)
[21135000] PC=00000c10, Instr=00000013 (cnt=516)
[21175000] PC=00000c14, Instr=00000013 (cnt=517)
[21215000] PC=00000c18, Instr=00000013 (cnt=518)
[21255000] PC=00000c1c, Instr=00000013 (cnt=519)
[21295000] PC=00000c20, Instr=00000013 (cnt=520)
[21335000] PC=00000c24, Instr=00000013 (cnt=521)
[21375000] PC=00000c28, Instr=00000013 (cnt=522)
[21415000] PC=00000c2c, Instr=00000013 (cnt=523)
[21455000] PC=00000c30, Instr=00000013 (cnt=524)
[21495000] PC=00000c34, Instr=00000013 (cnt=525)
[21535000] PC=00000c38, Instr=00000013 (cnt=526)
[21575000] PC=00000c3c, Instr=00000013 (cnt=527)
[21615000] PC=00000c40, Instr=00000013 (cnt=528)
[21655000] PC=00000c44, Instr=00000013 (cnt=529)
[21695000] PC=00000c48, Instr=00000013 (cnt=530)
[21735000] PC=00000c4c, Instr=00000013 (cnt=531)
[21775000] PC=00000c50, Instr=00000013 (cnt=532)
[21815000] PC=00000c54, Instr=00000013 (cnt=533)
[21855000] PC=00000c58, Instr=00000013 (cnt=534)
[21895000] PC=00000c5c, Instr=00000013 (cnt=535)
[21935000] PC=00000c60, Instr=00000013 (cnt=536)
[21975000] PC=00000c64, Instr=00000013 (cnt=537)
[22015000] PC=00000c68, Instr=00000013 (cnt=538)
[22055000] PC=00000c6c, Instr=00000013 (cnt=539)
[22095000] PC=00000c70, Instr=00000013 (cnt=540)
[22135000] PC=00000c74, Instr=00000013 (cnt=541)
[22175000] PC=00000c78, Instr=00000013 (cnt=542)
[22215000] PC=00000c7c, Instr=00000013 (cnt=543)
[22255000] PC=00000c80, Instr=00000013 (cnt=544)
[22295000] PC=00000c84, Instr=00000013 (cnt=545)
[22335000] PC=00000c88, Instr=00000013 (cnt=546)
[22375000] PC=00000c8c, Instr=00000013 (cnt=547)
[22415000] PC=00000c90, Instr=00000013 (cnt=548)
[22455000] PC=00000c94, Instr=00000013 (cnt=549)
[22495000] PC=00000c98, Instr=00000013 (cnt=550)
[22535000] PC=00000c9c, Instr=00000013 (cnt=551)
[22575000] PC=00000ca0, Instr=00000013 (cnt=552)
[22615000] PC=00000ca4, Instr=00000013 (cnt=553)
[22655000] PC=00000ca8, Instr=00000013 (cnt=554)
[22695000] PC=00000cac, Instr=00000013 (cnt=555)
[22735000] PC=00000cb0, Instr=00000013 (cnt=556)
[22775000] PC=00000cb4, Instr=00000013 (cnt=557)
[22815000] PC=00000cb8, Instr=00000013 (cnt=558)
[22855000] PC=00000cbc, Instr=00000013 (cnt=559)
[22895000] PC=00000cc0, Instr=00000013 (cnt=560)
[22935000] PC=00000cc4, Instr=00000013 (cnt=561)
[22975000] PC=00000cc8, Instr=00000013 (cnt=562)
[23015000] PC=00000ccc, Instr=00000013 (cnt=563)
[23055000] PC=00000cd0, Instr=00000013 (cnt=564)
[23095000] PC=00000cd4, Instr=00000013 (cnt=565)
[23135000] PC=00000cd8, Instr=00000013 (cnt=566)
[23175000] PC=00000cdc, Instr=00000013 (cnt=567)
[23215000] PC=00000ce0, Instr=00000013 (cnt=568)
[23255000] PC=00000ce4, Instr=00000013 (cnt=569)
[23295000] PC=00000ce8, Instr=00000013 (cnt=570)
[23335000] PC=00000cec, Instr=00000013 (cnt=571)
[23375000] PC=00000cf0, Instr=00000013 (cnt=572)
[23415000] PC=00000cf4, Instr=00000013 (cnt=573)
[23455000] PC=00000cf8, Instr=00000013 (cnt=574)
[23495000] PC=00000cfc, Instr=00000013 (cnt=575)
[23535000] PC=00000d00, Instr=00000013 (cnt=576)
[23575000] PC=00000d04, Instr=00000013 (cnt=577)
[23615000] PC=00000d08, Instr=00000013 (cnt=578)
[23655000] PC=00000d0c, Instr=00000013 (cnt=579)
[23695000] PC=00000d10, Instr=00000013 (cnt=580)
[23735000] PC=00000d14, Instr=00000013 (cnt=581)
[23775000] PC=00000d18, Instr=00000013 (cnt=582)
[23815000] PC=00000d1c, Instr=00000013 (cnt=583)
[23855000] PC=00000d20, Instr=00000013 (cnt=584)
[23895000] PC=00000d24, Instr=00000013 (cnt=585)
[23935000] PC=00000d28, Instr=00000013 (cnt=586)
[23975000] PC=00000d2c, Instr=00000013 (cnt=587)
[24015000] PC=00000d30, Instr=00000013 (cnt=588)
[24055000] PC=00000d34, Instr=00000013 (cnt=589)
[24095000] PC=00000d38, Instr=00000013 (cnt=590)
[24135000] PC=00000d3c, Instr=00000013 (cnt=591)
[24175000] PC=00000d40, Instr=00000013 (cnt=592)
[24215000] PC=00000d44, Instr=00000013 (cnt=593)
[24255000] PC=00000d48, Instr=00000013 (cnt=594)
[24295000] PC=00000d4c, Instr=00000013 (cnt=595)
[24335000] PC=00000d50, Instr=00000013 (cnt=596)
[24375000] PC=00000d54, Instr=00000013 (cnt=597)
[24415000] PC=00000d58, Instr=00000013 (cnt=598)
[24455000] PC=00000d5c, Instr=00000013 (cnt=599)
[24495000] PC=00000d60, Instr=00000013 (cnt=600)
[24535000] PC=00000d64, Instr=00000013 (cnt=601)
[24575000] PC=00000d68, Instr=00000013 (cnt=602)
[24615000] PC=00000d6c, Instr=00000013 (cnt=603)
[24655000] PC=00000d70, Instr=00000013 (cnt=604)
[24695000] PC=00000d74, Instr=00000013 (cnt=605)
[24735000] PC=00000d78, Instr=00000013 (cnt=606)
[24775000] PC=00000d7c, Instr=00000013 (cnt=607)
[24815000] PC=00000d80, Instr=00000013 (cnt=608)
[24855000] PC=00000d84, Instr=00000013 (cnt=609)
[24895000] PC=00000d88, Instr=00000013 (cnt=610)
[24935000] PC=00000d8c, Instr=00000013 (cnt=611)
[24975000] PC=00000d90, Instr=00000013 (cnt=612)
[25015000] PC=00000d94, Instr=00000013 (cnt=613)
[25055000] PC=00000d98, Instr=00000013 (cnt=614)
[25095000] PC=00000d9c, Instr=00000013 (cnt=615)

=========================================
Test Results Verification
=========================================
❌ FAILED: Success code not found at address 0
   Found: 000012b7

Data Memory Results:
0x1000: ffffffff (expected: ffffffff)
0x1008: ffffffff (expected: ffffffff)
0x1010: 00000006 (expected: 00000006)
0x1018: 00000002 (expected: 00000002)

Program Counter at end: 00000d9c
Instructions executed: 616

=========================================
Test Complete
Errors detected: 1
=========================================
❌ TEST FAILED!
$finish called at time : 25100 ns : File "D:/SoC_1/riscv_dv_picorv32/tb/run_arithmetic_test.sv" Line 217
# close_sim
INFO: [Simtcl 6-16] Simulation closed
# exit 0
INFO: [Common 17-206] Exiting Vivado at Sun Dec  7 22:40:31 2025...
